[debug] [2022-07-05T09:56:21.974Z] ----------------------------------------------------------------------
[debug] [2022-07-05T09:56:21.976Z] Command:       C:\Program Files\nodejs\node.exe C:\Users\anilg\AppData\Roaming\npm\node_modules\firebase-tools\lib\bin\firebase.js apps:create ios zometo (macos) --bundle-id=? --json --project=zometo-bc04b
[debug] [2022-07-05T09:56:21.976Z] CLI Version:   11.0.1
[debug] [2022-07-05T09:56:21.976Z] Platform:      win32
[debug] [2022-07-05T09:56:21.977Z] Node Version:  v16.14.2
[debug] [2022-07-05T09:56:21.977Z] Time:          Tue Jul 05 2022 15:26:21 GMT+0530 (India Standard Time)
[debug] [2022-07-05T09:56:21.977Z] ----------------------------------------------------------------------
[debug] 
[debug] [2022-07-05T09:56:21.983Z] > command requires scopes: ["email","openid","https://www.googleapis.com/auth/cloudplatformprojects.readonly","https://www.googleapis.com/auth/firebase","https://www.googleapis.com/auth/cloud-platform"]
[debug] [2022-07-05T09:56:21.984Z] > authorizing via signed-in user (anilgusaiwalajm@gmail.com)
[info] Create your IOS app in project zometo-bc04b:
[debug] [2022-07-05T09:56:21.989Z] >>> [apiv2][query] POST https://firebase.googleapis.com/v1beta1/projects/zometo-bc04b/iosApps [none]
[debug] [2022-07-05T09:56:21.989Z] >>> [apiv2][body] POST https://firebase.googleapis.com/v1beta1/projects/zometo-bc04b/iosApps {"displayName":"zometo (macos)","bundleId":"?"}
[debug] [2022-07-05T09:56:22.424Z] <<< [apiv2][status] POST https://firebase.googleapis.com/v1beta1/projects/zometo-bc04b/iosApps 400
[debug] [2022-07-05T09:56:22.425Z] <<< [apiv2][body] POST https://firebase.googleapis.com/v1beta1/projects/zometo-bc04b/iosApps {"error":{"code":400,"message":"Request contains an invalid argument.","status":"INVALID_ARGUMENT"}}
[debug] [2022-07-05T09:56:22.426Z] HTTP Error: 400, Request contains an invalid argument.
[debug] [2022-07-05T09:56:22.710Z] FirebaseError: HTTP Error: 400, Request contains an invalid argument.
    at module.exports (C:\Users\anilg\AppData\Roaming\npm\node_modules\firebase-tools\lib\responseToError.js:47:12)
    at RetryOperation._fn (C:\Users\anilg\AppData\Roaming\npm\node_modules\firebase-tools\lib\apiv2.js:286:39)
    at processTicksAndRejections (node:internal/process/task_queues:96:5)
[error] 
[error] Error: Failed to create iOS app for project zometo-bc04b. See firebase-debug.log for more info.
